[debug] [2025-05-02T14:03:15.521Z] ----------------------------------------------------------------------
[debug] [2025-05-02T14:03:15.524Z] Command:       C:\Program Files\nodejs\node.exe C:\Users\User\AppData\Roaming\npm\node_modules\firebase-tools\lib\bin\firebase.js deploy --only hosting
[debug] [2025-05-02T14:03:15.525Z] CLI Version:   14.2.2
[debug] [2025-05-02T14:03:15.525Z] Platform:      win32
[debug] [2025-05-02T14:03:15.525Z] Node Version:  v22.14.0
[debug] [2025-05-02T14:03:15.526Z] Time:          Fri May 02 2025 21:03:15 GMT+0700 (Western Indonesia Time)
[debug] [2025-05-02T14:03:15.526Z] ----------------------------------------------------------------------
[debug] 
[debug] [2025-05-02T14:03:15.802Z] > command requires scopes: ["email","openid","https://www.googleapis.com/auth/cloudplatformprojects.readonly","https://www.googleapis.com/auth/firebase","https://www.googleapis.com/auth/cloud-platform"]
[debug] [2025-05-02T14:03:15.802Z] > authorizing via signed-in user (mrifqi939@gmail.com)
[debug] [2025-05-02T14:03:15.803Z] [iam] checking project shahaba-hub01 for permissions ["firebase.projects.get","firebasehosting.sites.update"]
[debug] [2025-05-02T14:03:15.804Z] Checked if tokens are valid: false, expires at: 1746185215509
[debug] [2025-05-02T14:03:15.804Z] Checked if tokens are valid: false, expires at: 1746185215509
[debug] [2025-05-02T14:03:15.804Z] > refreshing access token with scopes: []
[debug] [2025-05-02T14:03:15.806Z] >>> [apiv2][query] POST https://www.googleapis.com/oauth2/v3/token [none]
[debug] [2025-05-02T14:03:15.806Z] >>> [apiv2][body] POST https://www.googleapis.com/oauth2/v3/token [omitted]
[debug] [2025-05-02T14:03:15.861Z] *** [apiv2] error from fetch(https://www.googleapis.com/oauth2/v3/token, {"headers":{},"method":"POST","body":{"_overheadLength":545,"_valueLength":212,"_valuesToMeasure":[],"writable":false,"readable":true,"dataSize":0,"maxDataSize":2097152,"pauseStreams":true,"_released":true,"_streams":[],"_currentStream":null,"_insideLoop":false,"_pendingNext":false,"_boundary":"--------------------------103506113136715348885424","_events":{},"_eventsCount":1}}): FetchError: request to https://www.googleapis.com/oauth2/v3/token failed, reason: getaddrinfo ENOTFOUND www.googleapis.com
[error] Authentication Error: Your credentials are no longer valid. Please run firebase login --reauth

For CI servers and headless environments, generate a new token with firebase login:ci
[debug] [2025-05-02T14:03:15.865Z] [iam] error while checking permissions, command may fail: Authentication Error: Your credentials are no longer valid. Please run firebase login --reauth

For CI servers and headless environments, generate a new token with firebase login:ci
[debug] [2025-05-02T14:03:15.866Z] Checked if tokens are valid: false, expires at: 1746185215509
[debug] [2025-05-02T14:03:15.866Z] Checked if tokens are valid: false, expires at: 1746185215509
[debug] [2025-05-02T14:03:15.866Z] > refreshing access token with scopes: []
[debug] [2025-05-02T14:03:15.867Z] >>> [apiv2][query] POST https://www.googleapis.com/oauth2/v3/token [none]
[debug] [2025-05-02T14:03:15.867Z] >>> [apiv2][body] POST https://www.googleapis.com/oauth2/v3/token [omitted]
[debug] [2025-05-02T14:03:15.894Z] *** [apiv2] error from fetch(https://www.googleapis.com/oauth2/v3/token, {"headers":{},"method":"POST","body":{"_overheadLength":545,"_valueLength":212,"_valuesToMeasure":[],"writable":false,"readable":true,"dataSize":0,"maxDataSize":2097152,"pauseStreams":true,"_released":true,"_streams":[],"_currentStream":null,"_insideLoop":false,"_pendingNext":false,"_boundary":"--------------------------267891389749511984953188","_events":{},"_eventsCount":1}}): FetchError: request to https://www.googleapis.com/oauth2/v3/token failed, reason: getaddrinfo ENOTFOUND www.googleapis.com
[error] Authentication Error: Your credentials are no longer valid. Please run firebase login --reauth

For CI servers and headless environments, generate a new token with firebase login:ci
[debug] [2025-05-02T14:03:15.895Z] Authentication Error: Your credentials are no longer valid. Please run firebase login --reauth

For CI servers and headless environments, generate a new token with firebase login:ci
[error] 
[error] Error: Assertion failed: resolving hosting target of a site with no site name or target name. This should have caused an error earlier
